{"timestamp":"2025-10-04T20:51:04.427Z","level":"INFO","message":"Server started","data":{"port":3000,"pid":28488},"pid":28488}
{"timestamp":"2025-10-04T20:52:19.168Z","level":"INFO","message":"Request received","data":{"method":"GET","path":"/health","pid":28488},"pid":28488}
{"timestamp":"2025-10-04T20:52:37.924Z","level":"INFO","message":"Request received","data":{"method":"GET","path":"/api/files/read","pid":28488},"pid":28488}
{"timestamp":"2025-10-04T20:53:52.896Z","level":"INFO","message":"Request received","data":{"method":"POST","path":"/api/files/write","pid":28488},"pid":28488}
{"timestamp":"2025-10-04T20:54:20.837Z","level":"INFO","message":"Request received","data":{"method":"POST","path":"/api/files/copy","pid":28488},"pid":28488}
{"timestamp":"2025-10-04T20:54:43.930Z","level":"INFO","message":"Request received","data":{"method":"POST","path":"/api/files/process","pid":28488},"pid":28488}
{"timestamp":"2025-10-04T20:55:34.634Z","level":"INFO","message":"Request received","data":{"method":"GET","path":"/api/files/stats","pid":28488},"pid":28488}
{"timestamp":"2025-10-04T20:55:59.780Z","level":"INFO","message":"Request received","data":{"method":"GET","path":"/aggregate","pid":28488},"pid":28488}
{"timestamp":"2025-10-04T20:59:25.283Z","level":"INFO","message":"Server started","data":{"port":3000,"pid":27092},"pid":27092}
{"timestamp":"2025-10-04T20:59:44.280Z","level":"INFO","message":"Request received","data":{"method":"GET","path":"/api/files/read","pid":27092},"pid":27092}
{"timestamp":"2025-10-04T20:59:44.284Z","level":"ERROR","message":"Error reading file","data":{"error":"Cannot read properties of undefined (reading 'host')"},"pid":27092}
{"timestamp":"2025-10-04T21:00:06.665Z","level":"INFO","message":"Request received","data":{"method":"GET","path":"/api/files/read","pid":27092},"pid":27092}
{"timestamp":"2025-10-04T21:00:06.667Z","level":"ERROR","message":"Error reading file","data":{"error":"Cannot read properties of undefined (reading 'host')"},"pid":27092}
{"timestamp":"2025-10-04T21:13:28.099Z","level":"INFO","message":"Server started","data":{"port":3000,"pid":7676},"pid":7676}
{"timestamp":"2025-10-04T21:13:41.445Z","level":"INFO","message":"Request received","data":{"method":"GET","path":"/api/files/read","pid":7676},"pid":7676}
{"timestamp":"2025-10-04T21:13:41.465Z","level":"INFO","message":"Tarea iniciada","data":{"taskId":1,"operation":"read"},"pid":7676}
{"timestamp":"2025-10-04T21:13:41.633Z","level":"ERROR","message":"Tarea fallida","data":{"taskId":1,"operation":"read","error":"ENOENT: no such file or directory, open 'C:\\Users\\hdelo\\OneDrive\\Escritorio\\API-CONCURRENCIA\\test.txt'"},"pid":7676}
{"timestamp":"2025-10-04T21:13:41.635Z","level":"ERROR","message":"Error reading file","data":{"error":"ENOENT: no such file or directory, open 'C:\\Users\\hdelo\\OneDrive\\Escritorio\\API-CONCURRENCIA\\test.txt'"},"pid":7676}
{"timestamp":"2025-10-04T21:25:28.073Z","level":"INFO","message":"Server started","data":{"port":3000,"pid":26384},"pid":26384}
{"timestamp":"2025-10-04T21:25:37.835Z","level":"INFO","message":"Request received","data":{"method":"GET","path":"/api/files/read","pid":26384},"pid":26384}
{"timestamp":"2025-10-04T21:25:37.843Z","level":"INFO","message":"Tarea iniciada","data":{"taskId":1,"operation":"read"},"pid":26384}
{"timestamp":"2025-10-04T21:25:37.914Z","level":"INFO","message":"Tarea completada","data":{"taskId":1,"operation":"read","executionTime":76},"pid":26384}
{"timestamp":"2025-10-04T21:27:28.425Z","level":"INFO","message":"Server started","data":{"port":3000,"pid":3044},"pid":3044}
{"timestamp":"2025-10-04T21:27:30.982Z","level":"INFO","message":"Request received","data":{"method":"GET","path":"/api/files/read","pid":3044},"pid":3044}
{"timestamp":"2025-10-04T21:27:37.996Z","level":"INFO","message":"Request received","data":{"method":"GET","path":"/api/files/read","pid":3044},"pid":3044}
{"timestamp":"2025-10-04T21:27:38.004Z","level":"INFO","message":"Tarea iniciada","data":{"taskId":1,"operation":"read"},"pid":3044}
{"timestamp":"2025-10-04T21:27:38.072Z","level":"INFO","message":"Tarea completada","data":{"taskId":1,"operation":"read","executionTime":73},"pid":3044}
{"timestamp":"2025-10-04T21:29:30.666Z","level":"INFO","message":"Request received","data":{"method":"GET","path":"/aggregate","pid":3044},"pid":3044}
{"timestamp":"2025-10-04T21:29:34.069Z","level":"INFO","message":"Request received","data":{"method":"POST","path":"/api/files/write","pid":3044},"pid":3044}
{"timestamp":"2025-10-04T21:29:37.289Z","level":"INFO","message":"Request received","data":{"method":"POST","path":"/api/files/copy","pid":3044},"pid":3044}
{"timestamp":"2025-10-04T21:29:40.024Z","level":"INFO","message":"Request received","data":{"method":"POST","path":"/api/files/process","pid":3044},"pid":3044}
{"timestamp":"2025-10-04T21:32:03.992Z","level":"INFO","message":"Request received","data":{"method":"GET","path":"/api/files/read","pid":21480},"pid":21480}
{"timestamp":"2025-10-04T21:32:07.599Z","level":"INFO","message":"Request received","data":{"method":"GET","path":"/api/files/read","pid":21480},"pid":21480}
{"timestamp":"2025-10-04T21:32:07.608Z","level":"INFO","message":"Tarea iniciada","data":{"taskId":1,"operation":"read"},"pid":21480}
{"timestamp":"2025-10-04T21:32:07.684Z","level":"INFO","message":"Tarea completada","data":{"taskId":1,"operation":"read","executionTime":82},"pid":21480}
{"timestamp":"2025-10-04T21:32:23.994Z","level":"INFO","message":"Request received","data":{"method":"GET","path":"/api/files/read","pid":21480},"pid":21480}
{"timestamp":"2025-10-04T21:32:23.997Z","level":"INFO","message":"Tarea iniciada","data":{"taskId":2,"operation":"read"},"pid":21480}
{"timestamp":"2025-10-04T21:32:24.001Z","level":"INFO","message":"Tarea completada","data":{"taskId":2,"operation":"read","executionTime":4},"pid":21480}
{"timestamp":"2025-10-04T21:32:25.692Z","level":"INFO","message":"Request received","data":{"method":"GET","path":"/api/files/read","pid":21480},"pid":21480}
{"timestamp":"2025-10-04T21:32:25.695Z","level":"INFO","message":"Tarea iniciada","data":{"taskId":3,"operation":"read"},"pid":21480}
{"timestamp":"2025-10-04T21:32:25.700Z","level":"INFO","message":"Tarea completada","data":{"taskId":3,"operation":"read","executionTime":5},"pid":21480}
{"timestamp":"2025-10-04T21:32:26.746Z","level":"INFO","message":"Request received","data":{"method":"GET","path":"/api/files/read","pid":21480},"pid":21480}
{"timestamp":"2025-10-04T21:32:26.748Z","level":"INFO","message":"Tarea iniciada","data":{"taskId":4,"operation":"read"},"pid":21480}
{"timestamp":"2025-10-04T21:32:26.751Z","level":"INFO","message":"Tarea completada","data":{"taskId":4,"operation":"read","executionTime":3},"pid":21480}
{"timestamp":"2025-10-04T21:32:27.593Z","level":"INFO","message":"Request received","data":{"method":"GET","path":"/api/files/read","pid":21480},"pid":21480}
{"timestamp":"2025-10-04T21:32:27.596Z","level":"INFO","message":"Tarea iniciada","data":{"taskId":5,"operation":"read"},"pid":21480}
{"timestamp":"2025-10-04T21:32:27.599Z","level":"INFO","message":"Tarea completada","data":{"taskId":5,"operation":"read","executionTime":3},"pid":21480}
{"timestamp":"2025-10-04T21:32:28.472Z","level":"INFO","message":"Request received","data":{"method":"GET","path":"/api/files/read","pid":21480},"pid":21480}
{"timestamp":"2025-10-04T21:32:28.477Z","level":"INFO","message":"Tarea iniciada","data":{"taskId":6,"operation":"read"},"pid":21480}
{"timestamp":"2025-10-04T21:32:28.483Z","level":"INFO","message":"Tarea completada","data":{"taskId":6,"operation":"read","executionTime":6},"pid":21480}
{"timestamp":"2025-10-04T21:32:29.268Z","level":"INFO","message":"Request received","data":{"method":"GET","path":"/api/files/read","pid":21480},"pid":21480}
{"timestamp":"2025-10-04T21:32:29.271Z","level":"INFO","message":"Tarea iniciada","data":{"taskId":7,"operation":"read"},"pid":21480}
{"timestamp":"2025-10-04T21:32:29.275Z","level":"INFO","message":"Tarea completada","data":{"taskId":7,"operation":"read","executionTime":4},"pid":21480}
{"timestamp":"2025-10-04T21:32:30.011Z","level":"INFO","message":"Request received","data":{"method":"GET","path":"/api/files/read","pid":21480},"pid":21480}
{"timestamp":"2025-10-04T21:32:30.014Z","level":"INFO","message":"Tarea iniciada","data":{"taskId":8,"operation":"read"},"pid":21480}
{"timestamp":"2025-10-04T21:32:30.017Z","level":"INFO","message":"Tarea completada","data":{"taskId":8,"operation":"read","executionTime":3},"pid":21480}
{"timestamp":"2025-10-04T21:32:30.726Z","level":"INFO","message":"Request received","data":{"method":"GET","path":"/api/files/read","pid":21480},"pid":21480}
{"timestamp":"2025-10-04T21:32:30.730Z","level":"INFO","message":"Tarea iniciada","data":{"taskId":9,"operation":"read"},"pid":21480}
{"timestamp":"2025-10-04T21:32:30.734Z","level":"INFO","message":"Tarea completada","data":{"taskId":9,"operation":"read","executionTime":4},"pid":21480}
{"timestamp":"2025-10-04T21:32:31.392Z","level":"INFO","message":"Request received","data":{"method":"GET","path":"/api/files/read","pid":21480},"pid":21480}
{"timestamp":"2025-10-04T21:32:31.395Z","level":"INFO","message":"Tarea iniciada","data":{"taskId":10,"operation":"read"},"pid":21480}
{"timestamp":"2025-10-04T21:32:31.398Z","level":"INFO","message":"Tarea completada","data":{"taskId":10,"operation":"read","executionTime":3},"pid":21480}
{"timestamp":"2025-10-04T21:32:51.992Z","level":"INFO","message":"Request received","data":{"method":"GET","path":"/api/files/read","pid":21480},"pid":21480}
{"timestamp":"2025-10-04T21:34:02.133Z","level":"INFO","message":"Request received","data":{"method":"GET","path":"/health","pid":2768},"pid":2768}
{"timestamp":"2025-10-04T21:37:00.084Z","level":"INFO","message":"Request received","data":{"method":"GET","path":"/api/files/read","pid":2768},"pid":2768}
{"timestamp":"2025-10-04T21:37:00.093Z","level":"INFO","message":"Tarea iniciada","data":{"taskId":1,"operation":"read"},"pid":2768}
{"timestamp":"2025-10-04T21:37:00.160Z","level":"INFO","message":"Tarea completada","data":{"taskId":1,"operation":"read","executionTime":73},"pid":2768}
{"timestamp":"2025-10-04T21:37:40.585Z","level":"INFO","message":"Request received","data":{"method":"POST","path":"/api/files/write","pid":2768},"pid":2768}
{"timestamp":"2025-10-04T21:37:40.594Z","level":"INFO","message":"Tarea iniciada","data":{"taskId":2,"operation":"write"},"pid":2768}
{"timestamp":"2025-10-04T21:37:40.604Z","level":"INFO","message":"Tarea completada","data":{"taskId":2,"operation":"write","executionTime":11},"pid":2768}
{"timestamp":"2025-10-04T21:38:49.461Z","level":"INFO","message":"Request received","data":{"method":"POST","path":"/api/files/copy","pid":2768},"pid":2768}
{"timestamp":"2025-10-04T21:38:49.464Z","level":"INFO","message":"Tarea iniciada","data":{"taskId":3,"operation":"copy"},"pid":2768}
{"timestamp":"2025-10-04T21:38:49.471Z","level":"INFO","message":"Tarea completada","data":{"taskId":3,"operation":"copy","executionTime":7},"pid":2768}
{"timestamp":"2025-10-04T21:44:48.877Z","level":"INFO","message":"Server started","data":{"port":3000,"pid":24936},"pid":24936}
{"timestamp":"2025-10-04T21:44:57.983Z","level":"INFO","message":"Request received","data":{"method":"GET","path":"/aggregate","pid":24936},"pid":24936}
{"timestamp":"2025-10-04T21:45:02.555Z","level":"INFO","message":"Request received","data":{"method":"POST","path":"/api/files/write","pid":24936},"pid":24936}
{"timestamp":"2025-10-04T21:45:06.082Z","level":"INFO","message":"Request received","data":{"method":"POST","path":"/api/files/copy","pid":24936},"pid":24936}
{"timestamp":"2025-10-04T21:45:08.843Z","level":"INFO","message":"Request received","data":{"method":"POST","path":"/api/files/process","pid":24936},"pid":24936}
{"timestamp":"2025-10-04T21:45:12.326Z","level":"INFO","message":"Request received","data":{"method":"GET","path":"/api/files/stats","pid":24936},"pid":24936}
{"timestamp":"2025-10-04T21:46:31.693Z","level":"INFO","message":"Request received","data":{"method":"POST","path":"/api/files/write","pid":24936},"pid":24936}
{"timestamp":"2025-10-04T21:46:31.703Z","level":"INFO","message":"Tarea iniciada","data":{"taskId":1,"operation":"write"},"pid":24936}
{"timestamp":"2025-10-04T21:46:31.786Z","level":"INFO","message":"Tarea completada","data":{"taskId":1,"operation":"write","executionTime":88},"pid":24936}
{"timestamp":"2025-10-04T21:47:52.380Z","level":"INFO","message":"Request received","data":{"method":"POST","path":"/api/files/copy","pid":24936},"pid":24936}
{"timestamp":"2025-10-04T21:47:52.383Z","level":"INFO","message":"Tarea iniciada","data":{"taskId":2,"operation":"copy"},"pid":24936}
{"timestamp":"2025-10-04T21:47:52.389Z","level":"INFO","message":"Tarea completada","data":{"taskId":2,"operation":"copy","executionTime":6},"pid":24936}
{"timestamp":"2025-10-04T21:49:37.932Z","level":"INFO","message":"Request received","data":{"method":"POST","path":"/api/files/process","pid":24936},"pid":24936}
{"timestamp":"2025-10-04T21:49:58.455Z","level":"INFO","message":"Request received","data":{"method":"GET","path":"/aggregate","pid":24936},"pid":24936}
{"timestamp":"2025-10-04T21:52:47.957Z","level":"INFO","message":"Request received","data":{"method":"POST","path":"/api/files/write","pid":24936},"pid":24936}
{"timestamp":"2025-10-04T21:52:47.961Z","level":"INFO","message":"Tarea iniciada","data":{"taskId":3,"operation":"write"},"pid":24936}
{"timestamp":"2025-10-04T21:52:47.965Z","level":"INFO","message":"Tarea completada","data":{"taskId":3,"operation":"write","executionTime":4},"pid":24936}
{"timestamp":"2025-10-04T21:52:59.571Z","level":"INFO","message":"Request received","data":{"method":"POST","path":"/api/files/write","pid":24936},"pid":24936}
{"timestamp":"2025-10-04T21:52:59.574Z","level":"INFO","message":"Tarea iniciada","data":{"taskId":4,"operation":"write"},"pid":24936}
{"timestamp":"2025-10-04T21:52:59.580Z","level":"INFO","message":"Tarea completada","data":{"taskId":4,"operation":"write","executionTime":6},"pid":24936}
{"timestamp":"2025-10-04T23:21:55.871Z","level":"INFO","message":"Server started","data":{"port":3000,"pid":29852},"pid":29852}
{"timestamp":"2025-10-04T23:22:01.769Z","level":"INFO","message":"Request received","data":{"method":"POST","path":"/api/files/process","pid":29852},"pid":29852}
{"timestamp":"2025-10-04T23:23:49.777Z","level":"INFO","message":"Server started","data":{"port":3000,"pid":27912},"pid":27912}
{"timestamp":"2025-10-04T23:24:03.563Z","level":"INFO","message":"Request received","data":{"method":"POST","path":"/api/files/process","pid":27912},"pid":27912}
{"timestamp":"2025-10-04T23:24:17.083Z","level":"INFO","message":"Request received","data":{"method":"POST","path":"/api/files/process","pid":27912},"pid":27912}
{"timestamp":"2025-10-04T23:24:28.095Z","level":"INFO","message":"Request received","data":{"method":"POST","path":"/api/files/process","pid":27912},"pid":27912}
{"timestamp":"2025-10-04T23:24:28.101Z","level":"INFO","message":"Tarea iniciada","data":{"taskId":1,"operation":"process"},"pid":27912}
{"timestamp":"2025-10-04T23:24:28.172Z","level":"INFO","message":"Tarea completada","data":{"taskId":1,"operation":"process","executionTime":74},"pid":27912}
{"timestamp":"2025-10-04T23:31:29.354Z","level":"INFO","message":"Request received","data":{"method":"GET","path":"/api/files/read","pid":27912},"pid":27912}
{"timestamp":"2025-10-04T23:31:29.359Z","level":"INFO","message":"Tarea iniciada","data":{"taskId":2,"operation":"read"},"pid":27912}
{"timestamp":"2025-10-04T23:31:29.362Z","level":"INFO","message":"Tarea completada","data":{"taskId":2,"operation":"read","executionTime":3},"pid":27912}
{"timestamp":"2025-10-04T23:32:02.894Z","level":"INFO","message":"Request received","data":{"method":"GET","path":"/health","pid":27912},"pid":27912}
{"timestamp":"2025-10-04T23:32:19.776Z","level":"INFO","message":"Request received","data":{"method":"GET","path":"/api/files/stats","pid":27912},"pid":27912}
{"timestamp":"2025-10-04T23:51:00.827Z","level":"INFO","message":"Server started","data":{"port":3000,"pid":29004},"pid":29004}
{"timestamp":"2025-10-04T23:51:16.675Z","level":"INFO","message":"Request received","data":{"method":"GET","path":"/health","pid":29004},"pid":29004}
{"timestamp":"2025-10-04T23:51:16.687Z","level":"INFO","message":"Request received","data":{"method":"GET","path":"/api/files/read","pid":29004},"pid":29004}
{"timestamp":"2025-10-04T23:51:16.692Z","level":"INFO","message":"Tarea iniciada","data":{"taskId":1,"operation":"read"},"pid":29004}
{"timestamp":"2025-10-04T23:51:16.738Z","level":"INFO","message":"Tarea completada","data":{"taskId":1,"operation":"read","executionTime":48},"pid":29004}
{"timestamp":"2025-10-04T23:51:16.748Z","level":"INFO","message":"Request received","data":{"method":"POST","path":"/api/files/write","pid":29004},"pid":29004}
{"timestamp":"2025-10-04T23:51:16.751Z","level":"INFO","message":"Tarea iniciada","data":{"taskId":2,"operation":"write"},"pid":29004}
{"timestamp":"2025-10-04T23:51:16.754Z","level":"INFO","message":"Tarea completada","data":{"taskId":2,"operation":"write","executionTime":3},"pid":29004}
{"timestamp":"2025-10-04T23:51:16.759Z","level":"INFO","message":"Request received","data":{"method":"POST","path":"/api/files/copy","pid":29004},"pid":29004}
{"timestamp":"2025-10-04T23:51:16.761Z","level":"INFO","message":"Tarea iniciada","data":{"taskId":3,"operation":"copy"},"pid":29004}
{"timestamp":"2025-10-04T23:51:16.764Z","level":"INFO","message":"Tarea completada","data":{"taskId":3,"operation":"copy","executionTime":3},"pid":29004}
{"timestamp":"2025-10-04T23:51:16.771Z","level":"INFO","message":"Request received","data":{"method":"POST","path":"/api/files/process","pid":29004},"pid":29004}
{"timestamp":"2025-10-04T23:51:16.773Z","level":"INFO","message":"Tarea iniciada","data":{"taskId":4,"operation":"process"},"pid":29004}
{"timestamp":"2025-10-04T23:51:16.776Z","level":"INFO","message":"Tarea completada","data":{"taskId":4,"operation":"process","executionTime":3},"pid":29004}
{"timestamp":"2025-10-04T23:52:40.708Z","level":"INFO","message":"Request received","data":{"method":"GET","path":"/health","pid":6712},"pid":6712}
{"timestamp":"2025-10-04T23:52:40.722Z","level":"INFO","message":"Request received","data":{"method":"GET","path":"/api/files/read","pid":6712},"pid":6712}
{"timestamp":"2025-10-04T23:52:40.730Z","level":"INFO","message":"Tarea iniciada","data":{"taskId":1,"operation":"read"},"pid":6712}
{"timestamp":"2025-10-04T23:52:40.791Z","level":"INFO","message":"Tarea completada","data":{"taskId":1,"operation":"read","executionTime":64},"pid":6712}
{"timestamp":"2025-10-04T23:52:40.798Z","level":"INFO","message":"Request received","data":{"method":"POST","path":"/api/files/write","pid":6712},"pid":6712}
{"timestamp":"2025-10-04T23:52:40.801Z","level":"INFO","message":"Tarea iniciada","data":{"taskId":2,"operation":"write"},"pid":6712}
{"timestamp":"2025-10-04T23:52:40.804Z","level":"INFO","message":"Tarea completada","data":{"taskId":2,"operation":"write","executionTime":3},"pid":6712}
{"timestamp":"2025-10-04T23:52:40.808Z","level":"INFO","message":"Request received","data":{"method":"POST","path":"/api/files/copy","pid":6712},"pid":6712}
{"timestamp":"2025-10-04T23:52:40.811Z","level":"INFO","message":"Tarea iniciada","data":{"taskId":3,"operation":"copy"},"pid":6712}
{"timestamp":"2025-10-04T23:52:40.813Z","level":"INFO","message":"Tarea completada","data":{"taskId":3,"operation":"copy","executionTime":2},"pid":6712}
{"timestamp":"2025-10-04T23:52:40.817Z","level":"INFO","message":"Request received","data":{"method":"POST","path":"/api/files/process","pid":6712},"pid":6712}
{"timestamp":"2025-10-04T23:52:40.819Z","level":"INFO","message":"Tarea iniciada","data":{"taskId":4,"operation":"process"},"pid":6712}
{"timestamp":"2025-10-04T23:52:40.822Z","level":"INFO","message":"Tarea completada","data":{"taskId":4,"operation":"process","executionTime":3},"pid":6712}
{"timestamp":"2025-10-05T00:37:42.593Z","level":"INFO","message":"Request received","data":{"method":"POST","path":"/api/files/batch","pid":22908},"pid":22908}
{"timestamp":"2025-10-05T00:37:42.654Z","level":"ERROR","message":"Error processing batch","data":{"error":"Cannot find module 'C:\\Users\\hdelo\\OneDrive\\Escritorio\\API-CONCURRENCIA\\src\\controllers\\fileWorker.js'"},"pid":22908}
{"timestamp":"2025-10-05T00:42:15.333Z","level":"INFO","message":"Request received","data":{"method":"POST","path":"/api/files/batch","pid":8104},"pid":8104}
{"timestamp":"2025-10-05T00:42:15.395Z","level":"ERROR","message":"Error processing batch","data":{"error":"Cannot find module 'C:\\Users\\hdelo\\OneDrive\\Escritorio\\API-CONCURRENCIA\\src\\controllers\\fileWorker.js'"},"pid":8104}
{"timestamp":"2025-10-05T00:42:31.947Z","level":"INFO","message":"Request received","data":{"method":"POST","path":"/api/files/batch","pid":8104},"pid":8104}
{"timestamp":"2025-10-05T00:42:32.085Z","level":"ERROR","message":"Error processing batch","data":{"error":"Cannot find module 'C:\\Users\\hdelo\\OneDrive\\Escritorio\\API-CONCURRENCIA\\src\\controllers\\fileWorker.js'"},"pid":8104}
{"timestamp":"2025-10-05T00:43:25.144Z","level":"INFO","message":"Request received","data":{"method":"POST","path":"/api/files/batch","pid":25768},"pid":25768}
{"timestamp":"2025-10-05T00:43:25.204Z","level":"ERROR","message":"Error processing batch","data":{"error":"Cannot find module 'C:\\Users\\hdelo\\OneDrive\\Escritorio\\API-CONCURRENCIA\\src\\controllers\\fileWorker.js'"},"pid":25768}
{"timestamp":"2025-10-05T00:45:59.187Z","level":"INFO","message":"Request received","data":{"method":"POST","path":"/api/files/batch","pid":29296},"pid":29296}
{"timestamp":"2025-10-05T00:45:59.248Z","level":"ERROR","message":"Error processing batch","data":{"error":"Cannot find module 'C:\\Users\\hdelo\\OneDrive\\Escritorio\\API-CONCURRENCIA\\src\\controllers\\fileWorker.js'"},"pid":29296}
{"timestamp":"2025-10-05T00:46:22.572Z","level":"INFO","message":"Request received","data":{"method":"POST","path":"/api/files/batch","pid":29296},"pid":29296}
{"timestamp":"2025-10-05T00:46:22.646Z","level":"ERROR","message":"Error processing batch","data":{"error":"Cannot find module 'C:\\Users\\hdelo\\OneDrive\\Escritorio\\API-CONCURRENCIA\\src\\controllers\\fileWorker.js'"},"pid":29296}
{"timestamp":"2025-10-05T00:48:16.135Z","level":"INFO","message":"Request received","data":{"method":"POST","path":"/api/files/batch","pid":30240},"pid":30240}
{"timestamp":"2025-10-05T00:48:16.198Z","level":"ERROR","message":"Error processing batch","data":{"error":"Cannot find module 'C:\\Users\\hdelo\\OneDrive\\Escritorio\\API-CONCURRENCIA\\src\\controllers\\fileWorker.js'"},"pid":30240}
{"timestamp":"2025-10-05T00:50:51.870Z","level":"INFO","message":"Request received","data":{"method":"POST","path":"/api/files/batch","pid":27760},"pid":27760}
{"timestamp":"2025-10-05T00:51:26.877Z","level":"INFO","message":"Request received","data":{"method":"GET","path":"/api/files/stats","pid":27760},"pid":27760}
{"timestamp":"2025-10-05T00:51:26.881Z","level":"ERROR","message":"Error getting stats","data":{"error":"fileService is not defined"},"pid":27760}
{"timestamp":"2025-10-05T00:51:30.560Z","level":"INFO","message":"Request received","data":{"method":"GET","path":"/api/files/stats","pid":27760},"pid":27760}
{"timestamp":"2025-10-05T00:51:30.562Z","level":"ERROR","message":"Error getting stats","data":{"error":"fileService is not defined"},"pid":27760}
{"timestamp":"2025-10-05T00:51:47.704Z","level":"INFO","message":"Request received","data":{"method":"GET","path":"/api/files/stats","pid":27760},"pid":27760}
{"timestamp":"2025-10-05T00:51:47.708Z","level":"ERROR","message":"Error getting stats","data":{"error":"fileService is not defined"},"pid":27760}
{"timestamp":"2025-10-05T00:53:54.244Z","level":"INFO","message":"Request received","data":{"method":"GET","path":"/api/files/stats","pid":23064},"pid":23064}
{"timestamp":"2025-10-05T00:53:54.249Z","level":"ERROR","message":"Error getting stats","data":{"error":"fileService is not defined"},"pid":23064}
{"timestamp":"2025-10-05T00:53:59.369Z","level":"INFO","message":"Request received","data":{"method":"GET","path":"/api/files/read","pid":23064},"pid":23064}
{"timestamp":"2025-10-05T00:54:03.577Z","level":"INFO","message":"Request received","data":{"method":"GET","path":"/aggregate","pid":23064},"pid":23064}
{"timestamp":"2025-10-05T00:54:11.018Z","level":"INFO","message":"Request received","data":{"method":"POST","path":"/api/files/write","pid":23064},"pid":23064}
{"timestamp":"2025-10-05T00:54:14.587Z","level":"INFO","message":"Request received","data":{"method":"POST","path":"/api/files/copy","pid":23064},"pid":23064}
{"timestamp":"2025-10-05T00:54:17.655Z","level":"INFO","message":"Request received","data":{"method":"POST","path":"/api/files/process","pid":23064},"pid":23064}
{"timestamp":"2025-10-05T00:54:21.076Z","level":"INFO","message":"Request received","data":{"method":"GET","path":"/api/files/stats","pid":23064},"pid":23064}
{"timestamp":"2025-10-05T00:54:21.078Z","level":"ERROR","message":"Error getting stats","data":{"error":"fileService is not defined"},"pid":23064}
{"timestamp":"2025-10-05T00:54:26.013Z","level":"INFO","message":"Request received","data":{"method":"GET","path":"/api/files/read","pid":23064},"pid":23064}
{"timestamp":"2025-10-05T00:54:29.517Z","level":"INFO","message":"Request received","data":{"method":"GET","path":"/health","pid":23064},"pid":23064}
{"timestamp":"2025-10-05T00:54:32.323Z","level":"INFO","message":"Request received","data":{"method":"GET","path":"/aggregate","pid":23064},"pid":23064}
{"timestamp":"2025-10-05T00:54:35.131Z","level":"INFO","message":"Request received","data":{"method":"POST","path":"/api/files/batch","pid":23064},"pid":23064}
{"timestamp":"2025-10-05T00:57:53.168Z","level":"INFO","message":"Request received","data":{"method":"GET","path":"/api/files/stats","pid":14372},"pid":14372}
{"timestamp":"2025-10-05T00:58:02.501Z","level":"INFO","message":"Request received","data":{"method":"GET","path":"/health","pid":14372},"pid":14372}
{"timestamp":"2025-10-05T00:58:05.576Z","level":"INFO","message":"Request received","data":{"method":"GET","path":"/aggregate","pid":14372},"pid":14372}
{"timestamp":"2025-10-05T00:58:18.587Z","level":"INFO","message":"Request received","data":{"method":"GET","path":"/aggregate","pid":14372},"pid":14372}
{"timestamp":"2025-10-05T01:16:36.627Z","level":"INFO","message":"Server started","data":{"port":3000,"pid":25460},"pid":25460}
{"timestamp":"2025-10-05T01:17:00.069Z","level":"INFO","message":"Request received","data":{"method":"POST","path":"/api/files/batch","pid":25460},"pid":25460}
{"timestamp":"2025-10-05T01:17:09.886Z","level":"INFO","message":"Request received","data":{"method":"POST","path":"/api/files/batch","pid":25460},"pid":25460}
{"timestamp":"2025-10-05T01:17:11.315Z","level":"INFO","message":"Request received","data":{"method":"POST","path":"/api/files/batch","pid":25460},"pid":25460}
{"timestamp":"2025-10-05T01:17:13.354Z","level":"INFO","message":"Request received","data":{"method":"POST","path":"/api/files/batch","pid":25460},"pid":25460}
{"timestamp":"2025-10-05T01:17:13.415Z","level":"INFO","message":"Request received","data":{"method":"POST","path":"/api/files/batch","pid":25460},"pid":25460}
{"timestamp":"2025-10-05T01:17:13.482Z","level":"INFO","message":"Request received","data":{"method":"POST","path":"/api/files/batch","pid":25460},"pid":25460}
{"timestamp":"2025-10-05T01:17:13.523Z","level":"INFO","message":"Request received","data":{"method":"POST","path":"/api/files/batch","pid":25460},"pid":25460}
{"timestamp":"2025-10-05T01:17:13.529Z","level":"INFO","message":"Request received","data":{"method":"POST","path":"/api/files/batch","pid":25460},"pid":25460}
{"timestamp":"2025-10-05T01:17:13.611Z","level":"INFO","message":"Request received","data":{"method":"POST","path":"/api/files/batch","pid":25460},"pid":25460}
{"timestamp":"2025-10-05T01:17:14.342Z","level":"INFO","message":"Request received","data":{"method":"POST","path":"/api/files/batch","pid":25460},"pid":25460}
{"timestamp":"2025-10-05T01:17:14.401Z","level":"INFO","message":"Request received","data":{"method":"POST","path":"/api/files/batch","pid":25460},"pid":25460}
{"timestamp":"2025-10-05T01:17:14.472Z","level":"INFO","message":"Request received","data":{"method":"POST","path":"/api/files/batch","pid":25460},"pid":25460}
{"timestamp":"2025-10-05T01:17:14.518Z","level":"INFO","message":"Request received","data":{"method":"POST","path":"/api/files/batch","pid":25460},"pid":25460}
{"timestamp":"2025-10-05T01:17:14.602Z","level":"INFO","message":"Request received","data":{"method":"POST","path":"/api/files/batch","pid":25460},"pid":25460}
{"timestamp":"2025-10-05T01:17:15.333Z","level":"INFO","message":"Request received","data":{"method":"POST","path":"/api/files/batch","pid":25460},"pid":25460}
{"timestamp":"2025-10-05T01:17:15.395Z","level":"INFO","message":"Request received","data":{"method":"POST","path":"/api/files/batch","pid":25460},"pid":25460}
{"timestamp":"2025-10-05T01:17:15.403Z","level":"INFO","message":"Request received","data":{"method":"POST","path":"/api/files/batch","pid":25460},"pid":25460}
{"timestamp":"2025-10-05T01:17:15.458Z","level":"INFO","message":"Request received","data":{"method":"POST","path":"/api/files/batch","pid":25460},"pid":25460}
{"timestamp":"2025-10-05T01:17:15.508Z","level":"INFO","message":"Request received","data":{"method":"POST","path":"/api/files/batch","pid":25460},"pid":25460}
{"timestamp":"2025-10-05T01:17:15.583Z","level":"INFO","message":"Request received","data":{"method":"POST","path":"/api/files/batch","pid":25460},"pid":25460}
{"timestamp":"2025-10-05T01:17:16.333Z","level":"INFO","message":"Request received","data":{"method":"POST","path":"/api/files/batch","pid":25460},"pid":25460}
{"timestamp":"2025-10-05T01:17:16.383Z","level":"INFO","message":"Request received","data":{"method":"POST","path":"/api/files/batch","pid":25460},"pid":25460}
{"timestamp":"2025-10-05T01:17:16.440Z","level":"INFO","message":"Request received","data":{"method":"POST","path":"/api/files/batch","pid":25460},"pid":25460}
{"timestamp":"2025-10-05T01:17:16.489Z","level":"INFO","message":"Request received","data":{"method":"POST","path":"/api/files/batch","pid":25460},"pid":25460}
{"timestamp":"2025-10-05T01:17:16.568Z","level":"INFO","message":"Request received","data":{"method":"POST","path":"/api/files/batch","pid":25460},"pid":25460}
{"timestamp":"2025-10-05T01:17:16.865Z","level":"INFO","message":"Request received","data":{"method":"POST","path":"/api/files/batch","pid":25460},"pid":25460}
{"timestamp":"2025-10-05T01:17:17.333Z","level":"INFO","message":"Request received","data":{"method":"POST","path":"/api/files/batch","pid":25460},"pid":25460}
{"timestamp":"2025-10-05T01:17:17.385Z","level":"INFO","message":"Request received","data":{"method":"POST","path":"/api/files/batch","pid":25460},"pid":25460}
{"timestamp":"2025-10-05T01:17:17.436Z","level":"INFO","message":"Request received","data":{"method":"POST","path":"/api/files/batch","pid":25460},"pid":25460}
{"timestamp":"2025-10-05T01:17:17.491Z","level":"INFO","message":"Request received","data":{"method":"POST","path":"/api/files/batch","pid":25460},"pid":25460}
{"timestamp":"2025-10-05T01:17:17.565Z","level":"INFO","message":"Request received","data":{"method":"POST","path":"/api/files/batch","pid":25460},"pid":25460}
{"timestamp":"2025-10-05T01:17:18.225Z","level":"INFO","message":"Request received","data":{"method":"POST","path":"/api/files/batch","pid":25460},"pid":25460}
{"timestamp":"2025-10-05T01:17:18.333Z","level":"INFO","message":"Request received","data":{"method":"POST","path":"/api/files/batch","pid":25460},"pid":25460}
{"timestamp":"2025-10-05T01:17:18.383Z","level":"INFO","message":"Request received","data":{"method":"POST","path":"/api/files/batch","pid":25460},"pid":25460}
{"timestamp":"2025-10-05T01:17:18.435Z","level":"INFO","message":"Request received","data":{"method":"POST","path":"/api/files/batch","pid":25460},"pid":25460}
{"timestamp":"2025-10-05T01:17:18.490Z","level":"INFO","message":"Request received","data":{"method":"POST","path":"/api/files/batch","pid":25460},"pid":25460}
{"timestamp":"2025-10-05T01:17:18.558Z","level":"INFO","message":"Request received","data":{"method":"POST","path":"/api/files/batch","pid":25460},"pid":25460}
{"timestamp":"2025-10-05T01:17:19.335Z","level":"INFO","message":"Request received","data":{"method":"POST","path":"/api/files/batch","pid":25460},"pid":25460}
{"timestamp":"2025-10-05T01:17:19.342Z","level":"INFO","message":"Request received","data":{"method":"POST","path":"/api/files/batch","pid":25460},"pid":25460}
{"timestamp":"2025-10-05T01:17:19.386Z","level":"INFO","message":"Request received","data":{"method":"POST","path":"/api/files/batch","pid":25460},"pid":25460}
{"timestamp":"2025-10-05T01:17:19.436Z","level":"INFO","message":"Request received","data":{"method":"POST","path":"/api/files/batch","pid":25460},"pid":25460}
{"timestamp":"2025-10-05T01:17:19.491Z","level":"INFO","message":"Request received","data":{"method":"POST","path":"/api/files/batch","pid":25460},"pid":25460}
{"timestamp":"2025-10-05T01:17:19.552Z","level":"INFO","message":"Request received","data":{"method":"POST","path":"/api/files/batch","pid":25460},"pid":25460}
{"timestamp":"2025-10-05T01:17:20.332Z","level":"INFO","message":"Request received","data":{"method":"POST","path":"/api/files/batch","pid":25460},"pid":25460}
{"timestamp":"2025-10-05T01:17:20.383Z","level":"INFO","message":"Request received","data":{"method":"POST","path":"/api/files/batch","pid":25460},"pid":25460}
{"timestamp":"2025-10-05T01:17:20.435Z","level":"INFO","message":"Request received","data":{"method":"POST","path":"/api/files/batch","pid":25460},"pid":25460}
{"timestamp":"2025-10-05T01:17:20.489Z","level":"INFO","message":"Request received","data":{"method":"POST","path":"/api/files/batch","pid":25460},"pid":25460}
{"timestamp":"2025-10-05T01:17:20.553Z","level":"INFO","message":"Request received","data":{"method":"POST","path":"/api/files/batch","pid":25460},"pid":25460}
{"timestamp":"2025-10-05T01:17:21.333Z","level":"INFO","message":"Request received","data":{"method":"POST","path":"/api/files/batch","pid":25460},"pid":25460}
{"timestamp":"2025-10-05T01:17:21.388Z","level":"INFO","message":"Request received","data":{"method":"POST","path":"/api/files/batch","pid":25460},"pid":25460}
{"timestamp":"2025-10-05T01:17:21.438Z","level":"INFO","message":"Request received","data":{"method":"POST","path":"/api/files/batch","pid":25460},"pid":25460}
{"timestamp":"2025-10-05T01:17:21.492Z","level":"INFO","message":"Request received","data":{"method":"POST","path":"/api/files/batch","pid":25460},"pid":25460}
{"timestamp":"2025-10-05T01:17:21.554Z","level":"INFO","message":"Request received","data":{"method":"POST","path":"/api/files/batch","pid":25460},"pid":25460}
{"timestamp":"2025-10-05T01:17:22.333Z","level":"INFO","message":"Request received","data":{"method":"POST","path":"/api/files/batch","pid":25460},"pid":25460}
{"timestamp":"2025-10-05T01:17:22.385Z","level":"INFO","message":"Request received","data":{"method":"POST","path":"/api/files/batch","pid":25460},"pid":25460}
{"timestamp":"2025-10-05T01:17:22.439Z","level":"INFO","message":"Request received","data":{"method":"POST","path":"/api/files/batch","pid":25460},"pid":25460}
{"timestamp":"2025-10-05T01:17:22.490Z","level":"INFO","message":"Request received","data":{"method":"POST","path":"/api/files/batch","pid":25460},"pid":25460}
{"timestamp":"2025-10-05T01:17:22.554Z","level":"INFO","message":"Request received","data":{"method":"POST","path":"/api/files/batch","pid":25460},"pid":25460}
{"timestamp":"2025-10-05T01:17:23.333Z","level":"INFO","message":"Request received","data":{"method":"POST","path":"/api/files/batch","pid":25460},"pid":25460}
{"timestamp":"2025-10-05T01:17:23.383Z","level":"INFO","message":"Request received","data":{"method":"POST","path":"/api/files/batch","pid":25460},"pid":25460}
{"timestamp":"2025-10-05T01:17:23.435Z","level":"INFO","message":"Request received","data":{"method":"POST","path":"/api/files/batch","pid":25460},"pid":25460}
{"timestamp":"2025-10-05T01:17:23.488Z","level":"INFO","message":"Request received","data":{"method":"POST","path":"/api/files/batch","pid":25460},"pid":25460}
{"timestamp":"2025-10-05T01:17:23.552Z","level":"INFO","message":"Request received","data":{"method":"POST","path":"/api/files/batch","pid":25460},"pid":25460}
{"timestamp":"2025-10-05T01:17:24.334Z","level":"INFO","message":"Request received","data":{"method":"POST","path":"/api/files/batch","pid":25460},"pid":25460}
{"timestamp":"2025-10-05T01:17:24.383Z","level":"INFO","message":"Request received","data":{"method":"POST","path":"/api/files/batch","pid":25460},"pid":25460}
{"timestamp":"2025-10-05T01:17:24.434Z","level":"INFO","message":"Request received","data":{"method":"POST","path":"/api/files/batch","pid":25460},"pid":25460}
{"timestamp":"2025-10-05T01:17:24.489Z","level":"INFO","message":"Request received","data":{"method":"POST","path":"/api/files/batch","pid":25460},"pid":25460}
{"timestamp":"2025-10-05T01:17:24.551Z","level":"INFO","message":"Request received","data":{"method":"POST","path":"/api/files/batch","pid":25460},"pid":25460}
{"timestamp":"2025-10-05T01:17:25.332Z","level":"INFO","message":"Request received","data":{"method":"POST","path":"/api/files/batch","pid":25460},"pid":25460}
{"timestamp":"2025-10-05T01:17:25.382Z","level":"INFO","message":"Request received","data":{"method":"POST","path":"/api/files/batch","pid":25460},"pid":25460}
{"timestamp":"2025-10-05T01:17:25.433Z","level":"INFO","message":"Request received","data":{"method":"POST","path":"/api/files/batch","pid":25460},"pid":25460}
{"timestamp":"2025-10-05T01:17:25.489Z","level":"INFO","message":"Request received","data":{"method":"POST","path":"/api/files/batch","pid":25460},"pid":25460}
{"timestamp":"2025-10-05T01:17:25.552Z","level":"INFO","message":"Request received","data":{"method":"POST","path":"/api/files/batch","pid":25460},"pid":25460}
{"timestamp":"2025-10-05T01:17:26.333Z","level":"INFO","message":"Request received","data":{"method":"POST","path":"/api/files/batch","pid":25460},"pid":25460}
{"timestamp":"2025-10-05T01:17:26.382Z","level":"INFO","message":"Request received","data":{"method":"POST","path":"/api/files/batch","pid":25460},"pid":25460}
{"timestamp":"2025-10-05T01:17:26.435Z","level":"INFO","message":"Request received","data":{"method":"POST","path":"/api/files/batch","pid":25460},"pid":25460}
{"timestamp":"2025-10-05T01:17:26.488Z","level":"INFO","message":"Request received","data":{"method":"POST","path":"/api/files/batch","pid":25460},"pid":25460}
{"timestamp":"2025-10-05T01:17:26.553Z","level":"INFO","message":"Request received","data":{"method":"POST","path":"/api/files/batch","pid":25460},"pid":25460}
{"timestamp":"2025-10-05T01:17:27.038Z","level":"INFO","message":"Request received","data":{"method":"POST","path":"/api/files/batch","pid":25460},"pid":25460}
{"timestamp":"2025-10-05T01:17:27.334Z","level":"INFO","message":"Request received","data":{"method":"POST","path":"/api/files/batch","pid":25460},"pid":25460}
{"timestamp":"2025-10-05T01:17:27.383Z","level":"INFO","message":"Request received","data":{"method":"POST","path":"/api/files/batch","pid":25460},"pid":25460}
{"timestamp":"2025-10-05T01:17:27.434Z","level":"INFO","message":"Request received","data":{"method":"POST","path":"/api/files/batch","pid":25460},"pid":25460}
{"timestamp":"2025-10-05T01:17:27.490Z","level":"INFO","message":"Request received","data":{"method":"POST","path":"/api/files/batch","pid":25460},"pid":25460}
{"timestamp":"2025-10-05T01:17:27.552Z","level":"INFO","message":"Request received","data":{"method":"POST","path":"/api/files/batch","pid":25460},"pid":25460}
{"timestamp":"2025-10-05T01:17:27.857Z","level":"INFO","message":"Request received","data":{"method":"POST","path":"/api/files/batch","pid":25460},"pid":25460}
{"timestamp":"2025-10-05T01:17:28.334Z","level":"INFO","message":"Request received","data":{"method":"POST","path":"/api/files/batch","pid":25460},"pid":25460}
{"timestamp":"2025-10-05T01:17:28.384Z","level":"INFO","message":"Request received","data":{"method":"POST","path":"/api/files/batch","pid":25460},"pid":25460}
{"timestamp":"2025-10-05T01:17:28.435Z","level":"INFO","message":"Request received","data":{"method":"POST","path":"/api/files/batch","pid":25460},"pid":25460}
{"timestamp":"2025-10-05T01:17:28.489Z","level":"INFO","message":"Request received","data":{"method":"POST","path":"/api/files/batch","pid":25460},"pid":25460}
{"timestamp":"2025-10-05T01:17:28.552Z","level":"INFO","message":"Request received","data":{"method":"POST","path":"/api/files/batch","pid":25460},"pid":25460}
{"timestamp":"2025-10-05T01:17:28.715Z","level":"INFO","message":"Request received","data":{"method":"POST","path":"/api/files/batch","pid":25460},"pid":25460}
{"timestamp":"2025-10-05T01:17:29.333Z","level":"INFO","message":"Request received","data":{"method":"POST","path":"/api/files/batch","pid":25460},"pid":25460}
{"timestamp":"2025-10-05T01:17:29.383Z","level":"INFO","message":"Request received","data":{"method":"POST","path":"/api/files/batch","pid":25460},"pid":25460}
{"timestamp":"2025-10-05T01:17:29.433Z","level":"INFO","message":"Request received","data":{"method":"POST","path":"/api/files/batch","pid":25460},"pid":25460}
{"timestamp":"2025-10-05T01:17:29.489Z","level":"INFO","message":"Request received","data":{"method":"POST","path":"/api/files/batch","pid":25460},"pid":25460}
{"timestamp":"2025-10-05T01:17:29.552Z","level":"INFO","message":"Request received","data":{"method":"POST","path":"/api/files/batch","pid":25460},"pid":25460}
{"timestamp":"2025-10-05T01:17:29.638Z","level":"INFO","message":"Request received","data":{"method":"POST","path":"/api/files/batch","pid":25460},"pid":25460}
{"timestamp":"2025-10-05T01:17:30.333Z","level":"INFO","message":"Request received","data":{"method":"POST","path":"/api/files/batch","pid":25460},"pid":25460}
{"timestamp":"2025-10-05T01:17:30.383Z","level":"INFO","message":"Request received","data":{"method":"POST","path":"/api/files/batch","pid":25460},"pid":25460}
{"timestamp":"2025-10-05T01:17:30.435Z","level":"INFO","message":"Request received","data":{"method":"POST","path":"/api/files/batch","pid":25460},"pid":25460}
{"timestamp":"2025-10-05T01:17:30.488Z","level":"INFO","message":"Request received","data":{"method":"POST","path":"/api/files/batch","pid":25460},"pid":25460}
{"timestamp":"2025-10-05T01:17:30.552Z","level":"INFO","message":"Request received","data":{"method":"POST","path":"/api/files/batch","pid":25460},"pid":25460}
{"timestamp":"2025-10-05T01:17:31.334Z","level":"INFO","message":"Request received","data":{"method":"POST","path":"/api/files/batch","pid":25460},"pid":25460}
{"timestamp":"2025-10-05T01:17:31.382Z","level":"INFO","message":"Request received","data":{"method":"POST","path":"/api/files/batch","pid":25460},"pid":25460}
{"timestamp":"2025-10-05T01:17:31.435Z","level":"INFO","message":"Request received","data":{"method":"POST","path":"/api/files/batch","pid":25460},"pid":25460}
{"timestamp":"2025-10-05T01:17:31.488Z","level":"INFO","message":"Request received","data":{"method":"POST","path":"/api/files/batch","pid":25460},"pid":25460}
{"timestamp":"2025-10-05T01:17:31.553Z","level":"INFO","message":"Request received","data":{"method":"POST","path":"/api/files/batch","pid":25460},"pid":25460}
{"timestamp":"2025-10-05T01:17:32.338Z","level":"INFO","message":"Request received","data":{"method":"POST","path":"/api/files/batch","pid":25460},"pid":25460}
{"timestamp":"2025-10-05T01:17:32.382Z","level":"INFO","message":"Request received","data":{"method":"POST","path":"/api/files/batch","pid":25460},"pid":25460}
{"timestamp":"2025-10-05T01:17:32.434Z","level":"INFO","message":"Request received","data":{"method":"POST","path":"/api/files/batch","pid":25460},"pid":25460}
{"timestamp":"2025-10-05T01:17:32.488Z","level":"INFO","message":"Request received","data":{"method":"POST","path":"/api/files/batch","pid":25460},"pid":25460}
{"timestamp":"2025-10-05T01:17:32.553Z","level":"INFO","message":"Request received","data":{"method":"POST","path":"/api/files/batch","pid":25460},"pid":25460}
{"timestamp":"2025-10-05T01:17:33.333Z","level":"INFO","message":"Request received","data":{"method":"POST","path":"/api/files/batch","pid":25460},"pid":25460}
{"timestamp":"2025-10-05T01:17:33.382Z","level":"INFO","message":"Request received","data":{"method":"POST","path":"/api/files/batch","pid":25460},"pid":25460}
{"timestamp":"2025-10-05T01:17:33.433Z","level":"INFO","message":"Request received","data":{"method":"POST","path":"/api/files/batch","pid":25460},"pid":25460}
{"timestamp":"2025-10-05T01:17:33.488Z","level":"INFO","message":"Request received","data":{"method":"POST","path":"/api/files/batch","pid":25460},"pid":25460}
{"timestamp":"2025-10-05T01:17:33.552Z","level":"INFO","message":"Request received","data":{"method":"POST","path":"/api/files/batch","pid":25460},"pid":25460}
{"timestamp":"2025-10-05T01:17:34.335Z","level":"INFO","message":"Request received","data":{"method":"POST","path":"/api/files/batch","pid":25460},"pid":25460}
{"timestamp":"2025-10-05T01:17:34.382Z","level":"INFO","message":"Request received","data":{"method":"POST","path":"/api/files/batch","pid":25460},"pid":25460}
{"timestamp":"2025-10-05T01:17:34.434Z","level":"INFO","message":"Request received","data":{"method":"POST","path":"/api/files/batch","pid":25460},"pid":25460}
{"timestamp":"2025-10-05T01:17:34.491Z","level":"INFO","message":"Request received","data":{"method":"POST","path":"/api/files/batch","pid":25460},"pid":25460}
{"timestamp":"2025-10-05T01:17:34.552Z","level":"INFO","message":"Request received","data":{"method":"POST","path":"/api/files/batch","pid":25460},"pid":25460}
{"timestamp":"2025-10-05T01:17:35.333Z","level":"INFO","message":"Request received","data":{"method":"POST","path":"/api/files/batch","pid":25460},"pid":25460}
{"timestamp":"2025-10-05T01:17:35.381Z","level":"INFO","message":"Request received","data":{"method":"POST","path":"/api/files/batch","pid":25460},"pid":25460}
{"timestamp":"2025-10-05T01:17:35.439Z","level":"INFO","message":"Request received","data":{"method":"POST","path":"/api/files/batch","pid":25460},"pid":25460}
{"timestamp":"2025-10-05T01:17:35.489Z","level":"INFO","message":"Request received","data":{"method":"POST","path":"/api/files/batch","pid":25460},"pid":25460}
{"timestamp":"2025-10-05T01:17:35.555Z","level":"INFO","message":"Request received","data":{"method":"POST","path":"/api/files/batch","pid":25460},"pid":25460}
{"timestamp":"2025-10-05T01:17:36.333Z","level":"INFO","message":"Request received","data":{"method":"POST","path":"/api/files/batch","pid":25460},"pid":25460}
{"timestamp":"2025-10-05T01:17:36.382Z","level":"INFO","message":"Request received","data":{"method":"POST","path":"/api/files/batch","pid":25460},"pid":25460}
{"timestamp":"2025-10-05T01:17:36.435Z","level":"INFO","message":"Request received","data":{"method":"POST","path":"/api/files/batch","pid":25460},"pid":25460}
{"timestamp":"2025-10-05T01:17:36.487Z","level":"INFO","message":"Request received","data":{"method":"POST","path":"/api/files/batch","pid":25460},"pid":25460}
{"timestamp":"2025-10-05T01:17:36.553Z","level":"INFO","message":"Request received","data":{"method":"POST","path":"/api/files/batch","pid":25460},"pid":25460}
{"timestamp":"2025-10-05T01:17:37.334Z","level":"INFO","message":"Request received","data":{"method":"POST","path":"/api/files/batch","pid":25460},"pid":25460}
{"timestamp":"2025-10-05T01:17:37.383Z","level":"INFO","message":"Request received","data":{"method":"POST","path":"/api/files/batch","pid":25460},"pid":25460}
{"timestamp":"2025-10-05T01:17:37.435Z","level":"INFO","message":"Request received","data":{"method":"POST","path":"/api/files/batch","pid":25460},"pid":25460}
{"timestamp":"2025-10-05T01:17:37.489Z","level":"INFO","message":"Request received","data":{"method":"POST","path":"/api/files/batch","pid":25460},"pid":25460}
{"timestamp":"2025-10-05T01:17:37.554Z","level":"INFO","message":"Request received","data":{"method":"POST","path":"/api/files/batch","pid":25460},"pid":25460}
{"timestamp":"2025-10-05T01:17:38.336Z","level":"INFO","message":"Request received","data":{"method":"POST","path":"/api/files/batch","pid":25460},"pid":25460}
{"timestamp":"2025-10-05T01:17:38.384Z","level":"INFO","message":"Request received","data":{"method":"POST","path":"/api/files/batch","pid":25460},"pid":25460}
{"timestamp":"2025-10-05T01:17:38.436Z","level":"INFO","message":"Request received","data":{"method":"POST","path":"/api/files/batch","pid":25460},"pid":25460}
{"timestamp":"2025-10-05T01:17:38.490Z","level":"INFO","message":"Request received","data":{"method":"POST","path":"/api/files/batch","pid":25460},"pid":25460}
{"timestamp":"2025-10-05T01:17:38.552Z","level":"INFO","message":"Request received","data":{"method":"POST","path":"/api/files/batch","pid":25460},"pid":25460}
{"timestamp":"2025-10-05T01:17:39.333Z","level":"INFO","message":"Request received","data":{"method":"POST","path":"/api/files/batch","pid":25460},"pid":25460}
{"timestamp":"2025-10-05T01:17:39.383Z","level":"INFO","message":"Request received","data":{"method":"POST","path":"/api/files/batch","pid":25460},"pid":25460}
{"timestamp":"2025-10-05T01:17:39.436Z","level":"INFO","message":"Request received","data":{"method":"POST","path":"/api/files/batch","pid":25460},"pid":25460}
{"timestamp":"2025-10-05T01:17:39.490Z","level":"INFO","message":"Request received","data":{"method":"POST","path":"/api/files/batch","pid":25460},"pid":25460}
{"timestamp":"2025-10-05T01:17:39.553Z","level":"INFO","message":"Request received","data":{"method":"POST","path":"/api/files/batch","pid":25460},"pid":25460}
{"timestamp":"2025-10-05T01:17:40.334Z","level":"INFO","message":"Request received","data":{"method":"POST","path":"/api/files/batch","pid":25460},"pid":25460}
{"timestamp":"2025-10-05T01:17:40.384Z","level":"INFO","message":"Request received","data":{"method":"POST","path":"/api/files/batch","pid":25460},"pid":25460}
{"timestamp":"2025-10-05T01:17:40.436Z","level":"INFO","message":"Request received","data":{"method":"POST","path":"/api/files/batch","pid":25460},"pid":25460}
{"timestamp":"2025-10-05T01:17:40.490Z","level":"INFO","message":"Request received","data":{"method":"POST","path":"/api/files/batch","pid":25460},"pid":25460}
{"timestamp":"2025-10-05T01:17:40.554Z","level":"INFO","message":"Request received","data":{"method":"POST","path":"/api/files/batch","pid":25460},"pid":25460}
{"timestamp":"2025-10-05T01:17:41.334Z","level":"INFO","message":"Request received","data":{"method":"POST","path":"/api/files/batch","pid":25460},"pid":25460}
{"timestamp":"2025-10-05T01:17:41.384Z","level":"INFO","message":"Request received","data":{"method":"POST","path":"/api/files/batch","pid":25460},"pid":25460}
{"timestamp":"2025-10-05T01:17:41.436Z","level":"INFO","message":"Request received","data":{"method":"POST","path":"/api/files/batch","pid":25460},"pid":25460}
{"timestamp":"2025-10-05T01:17:41.490Z","level":"INFO","message":"Request received","data":{"method":"POST","path":"/api/files/batch","pid":25460},"pid":25460}
{"timestamp":"2025-10-05T01:17:41.552Z","level":"INFO","message":"Request received","data":{"method":"POST","path":"/api/files/batch","pid":25460},"pid":25460}
{"timestamp":"2025-10-05T01:17:41.715Z","level":"INFO","message":"Request received","data":{"method":"POST","path":"/api/files/batch","pid":25460},"pid":25460}
{"timestamp":"2025-10-05T01:17:42.335Z","level":"INFO","message":"Request received","data":{"method":"POST","path":"/api/files/batch","pid":25460},"pid":25460}
{"timestamp":"2025-10-05T01:17:42.384Z","level":"INFO","message":"Request received","data":{"method":"POST","path":"/api/files/batch","pid":25460},"pid":25460}
{"timestamp":"2025-10-05T01:17:42.436Z","level":"INFO","message":"Request received","data":{"method":"POST","path":"/api/files/batch","pid":25460},"pid":25460}
{"timestamp":"2025-10-05T01:17:42.489Z","level":"INFO","message":"Request received","data":{"method":"POST","path":"/api/files/batch","pid":25460},"pid":25460}
{"timestamp":"2025-10-05T01:17:42.555Z","level":"INFO","message":"Request received","data":{"method":"POST","path":"/api/files/batch","pid":25460},"pid":25460}
{"timestamp":"2025-10-05T01:17:42.648Z","level":"INFO","message":"Request received","data":{"method":"POST","path":"/api/files/batch","pid":25460},"pid":25460}
{"timestamp":"2025-10-05T01:36:13.963Z","level":"INFO","message":"Server started","data":{"port":3000,"pid":16048},"pid":16048}
{"timestamp":"2025-10-05T01:36:47.959Z","level":"INFO","message":"Request received","data":{"method":"GET","path":"/api/external/aggregate","pid":16048},"pid":16048}
